===========================================================
 RESULTADOS RYZEN 7 5800HS - CG CLASE B 
===========================================================
Fecha: Mon Mar 23 04:43:07 PM CET 2026


-----------------------------------------------------------
 TEST CON 1 HILOS
-----------------------------------------------------------


 NAS Parallel Benchmarks (NPB3.3-OMP) - CG Benchmark

 Size:       75000
 Iterations:                     75
 Number of available threads:     1

 Initialization time =           3.480 seconds

   iteration           ||r||                 zeta
        1       0.22716142511669E-12    59.9994751578754
        2       0.84730598862057E-15    21.7627846142536
        3       0.86183472791282E-15    22.2876617043224
        4       0.86303988462096E-15    22.5230738188346
        5       0.86927596657234E-15    22.6275390653892
        6       0.86670969766127E-15    22.6740259189533
        7       0.87181065797527E-15    22.6949056826251
        8       0.88550465816294E-15    22.7044023166872
        9       0.88321995448742E-15    22.7087834345620
       10       0.88126450332671E-15    22.7108351397177
       11       0.87863420337189E-15    22.7118107121341
       12       0.88214706321599E-15    22.7122816240971
       13       0.88438760364196E-15    22.7125122663242
       14       0.88566132116315E-15    22.7126268007594
       15       0.86769667654353E-15    22.7126844161819
       16       0.87943946391497E-15    22.7127137461755
       17       0.87963948402979E-15    22.7127288402000
       18       0.88325422707013E-15    22.7127366848296
       19       0.88478261047890E-15    22.7127407981217
       20       0.87579828824970E-15    22.7127429721364
       21       0.88035380828737E-15    22.7127441294025
       22       0.87879338156393E-15    22.7127447493900
       23       0.87397720589876E-15    22.7127450834533
       24       0.87473585396516E-15    22.7127452643881
       25       0.87271629011472E-15    22.7127453628451
       26       0.88293826378360E-15    22.7127454166517
       27       0.87300565104105E-15    22.7127454461696
       28       0.87659569099320E-15    22.7127454624211
       29       0.88639660756654E-15    22.7127454713974
       30       0.87966842818461E-15    22.7127454763703
       31       0.87771622950014E-15    22.7127454791343
       32       0.88605746990331E-15    22.7127454806740
       33       0.86901942243218E-15    22.7127454815315
       34       0.87215314281871E-15    22.7127454820131
       35       0.87163862694104E-15    22.7127454822840
       36       0.87109858778899E-15    22.7127454824348
       37       0.87300017711674E-15    22.7127454825202
       38       0.87063121664797E-15    22.7127454825684
       39       0.87517559254898E-15    22.7127454825966
       40       0.86867481235500E-15    22.7127454826116
       41       0.86989191659183E-15    22.7127454826202
       42       0.87207915811813E-15    22.7127454826253
       43       0.86972648014758E-15    22.7127454826276
       44       0.87070111686113E-15    22.7127454826297
       45       0.87127534424800E-15    22.7127454826310
       46       0.86554058949734E-15    22.7127454826310
       47       0.86664903795547E-15    22.7127454826314
       48       0.86500441405595E-15    22.7127454826317
       49       0.86840588314417E-15    22.7127454826308
       50       0.86723011178645E-15    22.7127454826322
       51       0.86778984222176E-15    22.7127454826324
       52       0.86513447028133E-15    22.7127454826313
       53       0.86852270100634E-15    22.7127454826315
       54       0.87259227128708E-15    22.7127454826309
       55       0.86269342717186E-15    22.7127454826315
       56       0.86158332189623E-15    22.7127454826316
       57       0.87036230063641E-15    22.7127454826318
       58       0.86332705265280E-15    22.7127454826314
       59       0.86301018909672E-15    22.7127454826314
       60       0.85666162262688E-15    22.7127454826318
       61       0.85740760234533E-15    22.7127454826315
       62       0.87302570974119E-15    22.7127454826318
       63       0.86348238334502E-15    22.7127454826313
       64       0.86710059060457E-15    22.7127454826317
       65       0.86332268152398E-15    22.7127454826308
       66       0.86224915984969E-15    22.7127454826319
       67       0.86150295200594E-15    22.7127454826320
       68       0.85850321693692E-15    22.7127454826321
       69       0.85651127248286E-15    22.7127454826317
       70       0.86021078135522E-15    22.7127454826326
       71       0.86728171678864E-15    22.7127454826314
       72       0.85838842270310E-15    22.7127454826322
       73       0.86490144143233E-15    22.7127454826316
       74       0.85836268749028E-15    22.7127454826318
       75       0.85851438641491E-15    22.7127454826310
 Benchmark completed 
 VERIFICATION SUCCESSFUL 
 Zeta is     0.2271274548263E+02
 Error is    0.0000000000000E+00


 CG Benchmark Completed.
 Class           =                        B
 Size            =                    75000
 Iterations      =                       75
 Time in seconds =                    31.43
 Total threads   =                        1
 Avail threads   =                        1
 Mop/s total     =                  1740.46
 Mop/s/thread    =                  1740.46
 Operation type  =           floating point
 Verification    =               SUCCESSFUL
 Version         =                    3.3.1
 Compile date    =              23 Mar 2026

 Compile options:
    F77          = gfortran
    FLINK        = gfortran
    F_LIB        = (none)
    F_INC        = (none)
    FFLAGS       = -O3 -fopenmp -march=native -fallow-invalid-boz
    FLINKFLAGS   = -O3 -fopenmp -march=native
    RAND         = randi8


 Please send all errors/feedbacks to:

 NPB Development Team
 npb@nas.nasa.gov



 Performance counter stats for './bin/cg.B.x':

    88,015,758,951      L1-dcache-loads                                                       
    31,264,968,123      L1-dcache-load-misses            #   35.52% of all L1-dcache accesses 
    38,100,529,487      cache-references                                                      
    11,998,085,252      cache-misses                     #   31.49% of all cache refs         

      34.958699731 seconds time elapsed

      34.698930000 seconds user
       0.221999000 seconds sys




-----------------------------------------------------------
 TEST CON 2 HILOS
-----------------------------------------------------------


 NAS Parallel Benchmarks (NPB3.3-OMP) - CG Benchmark

 Size:       75000
 Iterations:                     75
 Number of available threads:     2

 Initialization time =           1.719 seconds

   iteration           ||r||                 zeta
        1       0.22742541310560E-12    59.9994751578754
        2       0.84681750709896E-15    21.7627846142534
        3       0.85789743890337E-15    22.2876617043224
        4       0.85721126786381E-15    22.5230738188351
        5       0.86692830796655E-15    22.6275390653893
        6       0.86634206311768E-15    22.6740259189538
        7       0.86999278736231E-15    22.6949056826254
        8       0.88525343411218E-15    22.7044023166870
        9       0.88463444233543E-15    22.7087834345616
       10       0.88579632542144E-15    22.7108351397173
       11       0.87754639556244E-15    22.7118107121338
       12       0.87941231925264E-15    22.7122816240974
       13       0.88099983664876E-15    22.7125122663251
       14       0.88344687408630E-15    22.7126268007600
       15       0.86890487268736E-15    22.7126844161815
       16       0.87575363303635E-15    22.7127137461757
       17       0.87928824513519E-15    22.7127288401998
       18       0.88129039132453E-15    22.7127366848299
       19       0.87574005758808E-15    22.7127407981220
       20       0.87679661331736E-15    22.7127429721363
       21       0.87574031891451E-15    22.7127441294025
       22       0.87816100881528E-15    22.7127447493899
       23       0.87339900796692E-15    22.7127450834529
       24       0.87648185815189E-15    22.7127452643880
       25       0.87463333363437E-15    22.7127453628459
       26       0.87856723229174E-15    22.7127454166512
       27       0.87817535792555E-15    22.7127454461693
       28       0.87374413606728E-15    22.7127454624206
       29       0.88647280317984E-15    22.7127454713970
       30       0.86984771704831E-15    22.7127454763706
       31       0.87899282153133E-15    22.7127454791340
       32       0.88417366784179E-15    22.7127454806733
       33       0.87378438011612E-15    22.7127454815324
       34       0.87296040524249E-15    22.7127454820135
       35       0.87720537359016E-15    22.7127454822838
       36       0.87321952505500E-15    22.7127454824349
       37       0.87282801522210E-15    22.7127454825207
       38       0.86990812372488E-15    22.7127454825686
       39       0.87467896746506E-15    22.7127454825961
       40       0.87001877515722E-15    22.7127454826112
       41       0.87225712795361E-15    22.7127454826204
       42       0.87023274500077E-15    22.7127454826251
       43       0.87358874279908E-15    22.7127454826280
       44       0.86783315015898E-15    22.7127454826296
       45       0.86872455894346E-15    22.7127454826306
       46       0.86449884496449E-15    22.7127454826308
       47       0.86709238797015E-15    22.7127454826314
       48       0.87578120903828E-15    22.7127454826317
       49       0.87079817913614E-15    22.7127454826316
       50       0.86739359134804E-15    22.7127454826317
       51       0.86816749556780E-15    22.7127454826316
       52       0.87148282241295E-15    22.7127454826318
       53       0.86924579187140E-15    22.7127454826320
       54       0.86379077251007E-15    22.7127454826314
       55       0.86727316261856E-15    22.7127454826321
       56       0.86559201301149E-15    22.7127454826319
       57       0.86651379759101E-15    22.7127454826315
       58       0.85985261775499E-15    22.7127454826317
       59       0.86133205701922E-15    22.7127454826315
       60       0.85535012246667E-15    22.7127454826318
       61       0.86628474118462E-15    22.7127454826316
       62       0.86931701582089E-15    22.7127454826318
       63       0.86465447368684E-15    22.7127454826314
       64       0.86234026786604E-15    22.7127454826317
       65       0.86519698882701E-15    22.7127454826315
       66       0.85208379852452E-15    22.7127454826315
       67       0.86284801322886E-15    22.7127454826317
       68       0.85997607575209E-15    22.7127454826318
       69       0.85777146553238E-15    22.7127454826318
       70       0.86090297012283E-15    22.7127454826317
       71       0.85968810200466E-15    22.7127454826315
       72       0.86182876575176E-15    22.7127454826314
       73       0.86370207292842E-15    22.7127454826318
       74       0.86162729692894E-15    22.7127454826317
       75       0.86040056862275E-15    22.7127454826317
 Benchmark completed 
 VERIFICATION SUCCESSFUL 
 Zeta is     0.2271274548263E+02
 Error is    0.3253523206851E-13


 CG Benchmark Completed.
 Class           =                        B
 Size            =                    75000
 Iterations      =                       75
 Time in seconds =                    16.69
 Total threads   =                        2
 Avail threads   =                        2
 Mop/s total     =                  3277.40
 Mop/s/thread    =                  1638.70
 Operation type  =           floating point
 Verification    =               SUCCESSFUL
 Version         =                    3.3.1
 Compile date    =              23 Mar 2026

 Compile options:
    F77          = gfortran
    FLINK        = gfortran
    F_LIB        = (none)
    F_INC        = (none)
    FFLAGS       = -O3 -fopenmp -march=native -fallow-invalid-boz
    FLINKFLAGS   = -O3 -fopenmp -march=native
    RAND         = randi8


 Please send all errors/feedbacks to:

 NPB Development Team
 npb@nas.nasa.gov



 Performance counter stats for './bin/cg.B.x':

    87,999,788,290      L1-dcache-loads                                                       
    31,282,245,065      L1-dcache-load-misses            #   35.55% of all L1-dcache accesses 
    38,091,742,883      cache-references                                                      
    12,247,202,118      cache-misses                     #   32.15% of all cache refs         

      18.456637855 seconds time elapsed

      36.564087000 seconds user
       0.245886000 seconds sys




-----------------------------------------------------------
 TEST CON 4 HILOS
-----------------------------------------------------------


 NAS Parallel Benchmarks (NPB3.3-OMP) - CG Benchmark

 Size:       75000
 Iterations:                     75
 Number of available threads:     4

 Initialization time =           0.902 seconds

   iteration           ||r||                 zeta
        1       0.22737058544604E-12    59.9994751578754
        2       0.84819297262177E-15    21.7627846142537
        3       0.85996494191816E-15    22.2876617043226
        4       0.85817250433026E-15    22.5230738188352
        5       0.86803686543011E-15    22.6275390653891
        6       0.86585878873236E-15    22.6740259189539
        7       0.87318608829163E-15    22.6949056826252
        8       0.88663875424179E-15    22.7044023166872
        9       0.88241445595785E-15    22.7087834345617
       10       0.88676140138024E-15    22.7108351397172
       11       0.87627721446383E-15    22.7118107121337
       12       0.88313147429362E-15    22.7122816240972
       13       0.88098588296074E-15    22.7125122663245
       14       0.88543184301936E-15    22.7126268007598
       15       0.87095390832974E-15    22.7126844161817
       16       0.87715811606208E-15    22.7127137461758
       17       0.87835367342257E-15    22.7127288401996
       18       0.88084152635364E-15    22.7127366848298
       19       0.87885107010188E-15    22.7127407981219
       20       0.87464351636378E-15    22.7127429721365
       21       0.87483617293624E-15    22.7127441294027
       22       0.87769276485066E-15    22.7127447493901
       23       0.87458615511765E-15    22.7127450834529
       24       0.87158753235957E-15    22.7127452643879
       25       0.87640884956703E-15    22.7127453628460
       26       0.87890673823092E-15    22.7127454166515
       27       0.87646761291901E-15    22.7127454461693
       28       0.87606650382218E-15    22.7127454624205
       29       0.88203385852762E-15    22.7127454713971
       30       0.87725743612920E-15    22.7127454763705
       31       0.88138330332910E-15    22.7127454791337
       32       0.87727990873110E-15    22.7127454806727
       33       0.87099779658085E-15    22.7127454815325
       34       0.87360912323985E-15    22.7127454820134
       35       0.86757950018733E-15    22.7127454822834
       36       0.87240309492542E-15    22.7127454824349
       37       0.87088531321922E-15    22.7127454825207
       38       0.87167847598053E-15    22.7127454825687
       39       0.87580019500707E-15    22.7127454825959
       40       0.87224339027292E-15    22.7127454826115
       41       0.87028422851729E-15    22.7127454826201
       42       0.87130288196046E-15    22.7127454826251
       43       0.87084061698923E-15    22.7127454826280
       44       0.87119234639917E-15    22.7127454826296
       45       0.87406410502211E-15    22.7127454826305
       46       0.86571218296523E-15    22.7127454826309
       47       0.86662215306847E-15    22.7127454826311
       48       0.86517650703232E-15    22.7127454826315
       49       0.86461037220931E-15    22.7127454826314
       50       0.86936914681072E-15    22.7127454826316
       51       0.86842283161027E-15    22.7127454826318
       52       0.86957822923981E-15    22.7127454826318
       53       0.87205066764442E-15    22.7127454826317
       54       0.86509003616097E-15    22.7127454826316
       55       0.86613998794766E-15    22.7127454826316
       56       0.86698908795348E-15    22.7127454826317
       57       0.87083531927811E-15    22.7127454826317
       58       0.86306580894956E-15    22.7127454826317
       59       0.85823060692324E-15    22.7127454826318
       60       0.86366602749509E-15    22.7127454826315
       61       0.86300317687773E-15    22.7127454826316
       62       0.87135790249935E-15    22.7127454826318
       63       0.86463834693927E-15    22.7127454826317
       64       0.86262459635351E-15    22.7127454826317
       65       0.86544289427209E-15    22.7127454826316
       66       0.85465046511828E-15    22.7127454826317
       67       0.86162543256340E-15    22.7127454826317
       68       0.85736689378715E-15    22.7127454826317
       69       0.85106009795066E-15    22.7127454826316
       70       0.85839173840508E-15    22.7127454826317
       71       0.86474885324932E-15    22.7127454826318
       72       0.85845921709062E-15    22.7127454826318
       73       0.86149528322781E-15    22.7127454826316
       74       0.86014880108146E-15    22.7127454826318
       75       0.86261609309388E-15    22.7127454826317
 Benchmark completed 
 VERIFICATION SUCCESSFUL 
 Zeta is     0.2271274548263E+02
 Error is    0.3159671575885E-13


 CG Benchmark Completed.
 Class           =                        B
 Size            =                    75000
 Iterations      =                       75
 Time in seconds =                     9.91
 Total threads   =                        4
 Avail threads   =                        4
 Mop/s total     =                  5522.09
 Mop/s/thread    =                  1380.52
 Operation type  =           floating point
 Verification    =               SUCCESSFUL
 Version         =                    3.3.1
 Compile date    =              23 Mar 2026

 Compile options:
    F77          = gfortran
    FLINK        = gfortran
    F_LIB        = (none)
    F_INC        = (none)
    FFLAGS       = -O3 -fopenmp -march=native -fallow-invalid-boz
    FLINKFLAGS   = -O3 -fopenmp -march=native
    RAND         = randi8


 Please send all errors/feedbacks to:

 NPB Development Team
 npb@nas.nasa.gov



 Performance counter stats for './bin/cg.B.x':

    88,250,511,334      L1-dcache-loads                                                       
    31,284,147,931      L1-dcache-load-misses            #   35.45% of all L1-dcache accesses 
    37,959,222,911      cache-references                                                      
    11,948,583,421      cache-misses                     #   31.48% of all cache refs         

      10.853738491 seconds time elapsed

      42.916400000 seconds user
       0.257972000 seconds sys




-----------------------------------------------------------
 TEST CON 8 HILOS
-----------------------------------------------------------


 NAS Parallel Benchmarks (NPB3.3-OMP) - CG Benchmark

 Size:       75000
 Iterations:                     75
 Number of available threads:     8

 Initialization time =           0.568 seconds

   iteration           ||r||                 zeta
        1       0.22718448476941E-12    59.9994751578754
        2       0.84772308431152E-15    21.7627846142538
        3       0.86142479251035E-15    22.2876617043225
        4       0.85867098128191E-15    22.5230738188352
        5       0.86854121207726E-15    22.6275390653890
        6       0.86630780881695E-15    22.6740259189537
        7       0.87264255395399E-15    22.6949056826254
        8       0.88326366910872E-15    22.7044023166871
        9       0.88387038804969E-15    22.7087834345616
       10       0.88321725604472E-15    22.7108351397172
       11       0.87845045007693E-15    22.7118107121337
       12       0.88810017696196E-15    22.7122816240972
       13       0.87989409403649E-15    22.7125122663245
       14       0.88531509330926E-15    22.7126268007597
       15       0.87270574689728E-15    22.7126844161817
       16       0.88093463665074E-15    22.7127137461758
       17       0.87979899640724E-15    22.7127288401997
       18       0.88172595694923E-15    22.7127366848298
       19       0.88079003266951E-15    22.7127407981219
       20       0.87799259808390E-15    22.7127429721364
       21       0.87178621776500E-15    22.7127441294028
       22       0.87552418622500E-15    22.7127447493899
       23       0.87527220395882E-15    22.7127450834529
       24       0.87418534924204E-15    22.7127452643879
       25       0.87884035888654E-15    22.7127453628459
       26       0.87689478503833E-15    22.7127454166513
       27       0.87890049524008E-15    22.7127454461693
       28       0.87814925427511E-15    22.7127454624205
       29       0.88072234629192E-15    22.7127454713970
       30       0.87441389210439E-15    22.7127454763705
       31       0.87985804686723E-15    22.7127454791336
       32       0.87888750004724E-15    22.7127454806729
       33       0.87215490844445E-15    22.7127454815324
       34       0.87303424751927E-15    22.7127454820135
       35       0.86800994269707E-15    22.7127454822834
       36       0.87063506966808E-15    22.7127454824351
       37       0.87454607607554E-15    22.7127454825206
       38       0.87053235460682E-15    22.7127454825688
       39       0.87361139008668E-15    22.7127454825960
       40       0.86798724321093E-15    22.7127454826114
       41       0.87133209840547E-15    22.7127454826202
       42       0.86906212721018E-15    22.7127454826250
       43       0.86612324080126E-15    22.7127454826279
       44       0.87276061417875E-15    22.7127454826295
       45       0.86920123743544E-15    22.7127454826304
       46       0.86164938378987E-15    22.7127454826310
       47       0.86690419580087E-15    22.7127454826312
       48       0.86255339600043E-15    22.7127454826315
       49       0.86910455684686E-15    22.7127454826315
       50       0.87035540547359E-15    22.7127454826317
       51       0.86624062686761E-15    22.7127454826316
       52       0.86922446897898E-15    22.7127454826317
       53       0.86872962300518E-15    22.7127454826316
       54       0.86334395105081E-15    22.7127454826316
       55       0.86887787792015E-15    22.7127454826317
       56       0.86136570061614E-15    22.7127454826317
       57       0.86927592262362E-15    22.7127454826318
       58       0.86210469966487E-15    22.7127454826317
       59       0.86048355379769E-15    22.7127454826317
       60       0.85616258118049E-15    22.7127454826318
       61       0.87075635471662E-15    22.7127454826318
       62       0.87026665064606E-15    22.7127454826318
       63       0.86599234683868E-15    22.7127454826317
       64       0.86245917996327E-15    22.7127454826317
       65       0.86208051010912E-15    22.7127454826317
       66       0.85838136202966E-15    22.7127454826317
       67       0.85861992960967E-15    22.7127454826317
       68       0.85935659890837E-15    22.7127454826317
       69       0.85343102447489E-15    22.7127454826317
       70       0.85656532359197E-15    22.7127454826317
       71       0.86009361700738E-15    22.7127454826317
       72       0.86073897008986E-15    22.7127454826317
       73       0.86071730884565E-15    22.7127454826317
       74       0.85970965629480E-15    22.7127454826317
       75       0.85758109000531E-15    22.7127454826318
 Benchmark completed 
 VERIFICATION SUCCESSFUL 
 Zeta is     0.2271274548263E+02
 Error is    0.3441226468785E-13


 CG Benchmark Completed.
 Class           =                        B
 Size            =                    75000
 Iterations      =                       75
 Time in seconds =                     8.84
 Total threads   =                        8
 Avail threads   =                        8
 Mop/s total     =                  6185.39
 Mop/s/thread    =                   773.17
 Operation type  =           floating point
 Verification    =               SUCCESSFUL
 Version         =                    3.3.1
 Compile date    =              23 Mar 2026

 Compile options:
    F77          = gfortran
    FLINK        = gfortran
    F_LIB        = (none)
    F_INC        = (none)
    FFLAGS       = -O3 -fopenmp -march=native -fallow-invalid-boz
    FLINKFLAGS   = -O3 -fopenmp -march=native
    RAND         = randi8


 Please send all errors/feedbacks to:

 NPB Development Team
 npb@nas.nasa.gov



 Performance counter stats for './bin/cg.B.x':

    88,551,833,929      L1-dcache-loads                                                       
    31,301,467,792      L1-dcache-load-misses            #   35.35% of all L1-dcache accesses 
    35,210,205,780      cache-references                                                      
    12,165,097,440      cache-misses                     #   34.55% of all cache refs         

       9.456848165 seconds time elapsed

      74.887062000 seconds user
       0.332960000 seconds sys




-----------------------------------------------------------
 TEST CON 12 HILOS
-----------------------------------------------------------


 NAS Parallel Benchmarks (NPB3.3-OMP) - CG Benchmark

 Size:       75000
 Iterations:                     75
 Number of available threads:    12

 Initialization time =           0.571 seconds

   iteration           ||r||                 zeta
        1       0.22745717078514E-12    59.9994751578754
        2       0.84610848567887E-15    21.7627846142538
        3       0.86148445045603E-15    22.2876617043225
        4       0.85792865157866E-15    22.5230738188353
        5       0.86984095674622E-15    22.6275390653891
        6       0.86459823757805E-15    22.6740259189537
        7       0.87305692139245E-15    22.6949056826254
        8       0.88300241391658E-15    22.7044023166871
        9       0.88058420219286E-15    22.7087834345616
       10       0.88133279661200E-15    22.7108351397172
       11       0.87912111127089E-15    22.7118107121337
       12       0.88660114956068E-15    22.7122816240973
       13       0.87948679224398E-15    22.7125122663245
       14       0.88427693900155E-15    22.7126268007597
       15       0.87384879112082E-15    22.7126844161817
       16       0.87925790057990E-15    22.7127137461758
       17       0.88081459964276E-15    22.7127288401997
       18       0.88162796861225E-15    22.7127366848297
       19       0.87737724427763E-15    22.7127407981219
       20       0.87572841904495E-15    22.7127429721363
       21       0.87362580593431E-15    22.7127441294027
       22       0.87493196826650E-15    22.7127447493899
       23       0.87619160685201E-15    22.7127450834529
       24       0.87574221950615E-15    22.7127452643879
       25       0.87645421282580E-15    22.7127453628459
       26       0.87655264458589E-15    22.7127454166513
       27       0.87923600495812E-15    22.7127454461693
       28       0.87778033943341E-15    22.7127454624205
       29       0.88210132766571E-15    22.7127454713971
       30       0.87855466199771E-15    22.7127454763704
       31       0.87968866443188E-15    22.7127454791336
       32       0.87708250173646E-15    22.7127454806729
       33       0.87103057256795E-15    22.7127454815324
       34       0.87484781411174E-15    22.7127454820135
       35       0.86943985111514E-15    22.7127454822834
       36       0.87227288348460E-15    22.7127454824351
       37       0.87249548817264E-15    22.7127454825205
       38       0.87156211944992E-15    22.7127454825687
       39       0.87417536624088E-15    22.7127454825960
       40       0.87059372602410E-15    22.7127454826114
       41       0.87114461720006E-15    22.7127454826202
       42       0.86952016756548E-15    22.7127454826251
       43       0.87248869617883E-15    22.7127454826280
       44       0.87298588559010E-15    22.7127454826295
       45       0.87078936885571E-15    22.7127454826305
       46       0.86215525525968E-15    22.7127454826310
       47       0.86859658390723E-15    22.7127454826313
       48       0.86452918534835E-15    22.7127454826314
       49       0.86558209895831E-15    22.7127454826316
       50       0.87196607701178E-15    22.7127454826317
       51       0.86726121010424E-15    22.7127454826316
       52       0.86996090671863E-15    22.7127454826317
       53       0.86848304216086E-15    22.7127454826317
       54       0.86734455363726E-15    22.7127454826317
       55       0.86358177979819E-15    22.7127454826317
       56       0.86410393192708E-15    22.7127454826317
       57       0.86982378590016E-15    22.7127454826317
       58       0.86293259436260E-15    22.7127454826317
       59       0.85986389444968E-15    22.7127454826317
       60       0.85725269728292E-15    22.7127454826317
       61       0.86511578058626E-15    22.7127454826317
       62       0.87076822930315E-15    22.7127454826317
       63       0.86259003643477E-15    22.7127454826317
       64       0.86314458207198E-15    22.7127454826317
       65       0.86214432255622E-15    22.7127454826317
       66       0.85864683659919E-15    22.7127454826317
       67       0.86074077321289E-15    22.7127454826317
       68       0.85800156336499E-15    22.7127454826317
       69       0.85072436486090E-15    22.7127454826316
       70       0.86008525785656E-15    22.7127454826316
       71       0.85727319913394E-15    22.7127454826318
       72       0.85834489800563E-15    22.7127454826316
       73       0.86340319048196E-15    22.7127454826317
       74       0.86062917817318E-15    22.7127454826317
       75       0.85908628693097E-15    22.7127454826317
 Benchmark completed 
 VERIFICATION SUCCESSFUL 
 Zeta is     0.2271274548263E+02
 Error is    0.3097103821907E-13


 CG Benchmark Completed.
 Class           =                        B
 Size            =                    75000
 Iterations      =                       75
 Time in seconds =                     8.92
 Total threads   =                       12
 Avail threads   =                       12
 Mop/s total     =                  6131.41
 Mop/s/thread    =                   510.95
 Operation type  =           floating point
 Verification    =               SUCCESSFUL
 Version         =                    3.3.1
 Compile date    =              23 Mar 2026

 Compile options:
    F77          = gfortran
    FLINK        = gfortran
    F_LIB        = (none)
    F_INC        = (none)
    FFLAGS       = -O3 -fopenmp -march=native -fallow-invalid-boz
    FLINKFLAGS   = -O3 -fopenmp -march=native
    RAND         = randi8


 Please send all errors/feedbacks to:

 NPB Development Team
 npb@nas.nasa.gov



 Performance counter stats for './bin/cg.B.x':

    88,947,756,617      L1-dcache-loads                                                       
    31,893,110,020      L1-dcache-load-misses            #   35.86% of all L1-dcache accesses 
    39,174,655,047      cache-references                                                      
    12,738,020,908      cache-misses                     #   32.52% of all cache refs         

       9.538759923 seconds time elapsed

     112.855098000 seconds user
       0.467963000 seconds sys




-----------------------------------------------------------
 TEST CON 16 HILOS
-----------------------------------------------------------


 NAS Parallel Benchmarks (NPB3.3-OMP) - CG Benchmark

 Size:       75000
 Iterations:                     75
 Number of available threads:    16

 Initialization time =           0.575 seconds

   iteration           ||r||                 zeta
        1       0.22722511831993E-12    59.9994751578754
        2       0.84340749725643E-15    21.7627846142538
        3       0.85950613933792E-15    22.2876617043224
        4       0.85830048559508E-15    22.5230738188352
        5       0.86873700169959E-15    22.6275390653891
        6       0.86651959525077E-15    22.6740259189537
        7       0.87359222030745E-15    22.6949056826254
        8       0.88200291540009E-15    22.7044023166871
        9       0.87955140627504E-15    22.7087834345616
       10       0.88413135559978E-15    22.7108351397172
       11       0.87932293874198E-15    22.7118107121337
       12       0.88643489764646E-15    22.7122816240973
       13       0.87953142915803E-15    22.7125122663245
       14       0.88140492888860E-15    22.7126268007597
       15       0.87204411313679E-15    22.7126844161817
       16       0.87963211911441E-15    22.7127137461757
       17       0.87923575260882E-15    22.7127288401997
       18       0.87791727488599E-15    22.7127366848297
       19       0.87886891264198E-15    22.7127407981220
       20       0.87320095203798E-15    22.7127429721364
       21       0.87573414940875E-15    22.7127441294027
       22       0.87939242043190E-15    22.7127447493899
       23       0.87543044928283E-15    22.7127450834528
       24       0.87414322631269E-15    22.7127452643879
       25       0.87441060985060E-15    22.7127453628459
       26       0.87754855261183E-15    22.7127454166513
       27       0.87747030772617E-15    22.7127454461692
       28       0.87482151459315E-15    22.7127454624205
       29       0.88065196467675E-15    22.7127454713970
       30       0.87655201429569E-15    22.7127454763704
       31       0.87885177523350E-15    22.7127454791336
       32       0.87711745848801E-15    22.7127454806729
       33       0.87329289281302E-15    22.7127454815324
       34       0.87491900271913E-15    22.7127454820135
       35       0.87025577932071E-15    22.7127454822834
       36       0.87201165369694E-15    22.7127454824351
       37       0.87124186955216E-15    22.7127454825205
       38       0.87292662779199E-15    22.7127454825687
       39       0.87594870254742E-15    22.7127454825960
       40       0.87108920239064E-15    22.7127454826114
       41       0.87127149195130E-15    22.7127454826202
       42       0.87184687017751E-15    22.7127454826252
       43       0.86939779403034E-15    22.7127454826279
       44       0.87251446101484E-15    22.7127454826295
       45       0.87316178881120E-15    22.7127454826305
       46       0.86219203702207E-15    22.7127454826310
       47       0.86844741384892E-15    22.7127454826312
       48       0.86273137947862E-15    22.7127454826315
       49       0.86696648037733E-15    22.7127454826316
       50       0.86897026214488E-15    22.7127454826316
       51       0.86812700340638E-15    22.7127454826316
       52       0.87113739467986E-15    22.7127454826317
       53       0.87127789079355E-15    22.7127454826317
       54       0.86565228127228E-15    22.7127454826317
       55       0.86796736898210E-15    22.7127454826317
       56       0.86566241815304E-15    22.7127454826317
       57       0.87093580747241E-15    22.7127454826317
       58       0.86757507638659E-15    22.7127454826317
       59       0.86046319589036E-15    22.7127454826318
       60       0.85810386182284E-15    22.7127454826317
       61       0.86785852538540E-15    22.7127454826317
       62       0.87047810858616E-15    22.7127454826317
       63       0.86291023086166E-15    22.7127454826317
       64       0.86217121073321E-15    22.7127454826317
       65       0.86206818007317E-15    22.7127454826317
       66       0.85676859928449E-15    22.7127454826317
       67       0.85871087084208E-15    22.7127454826317
       68       0.85948767985601E-15    22.7127454826317
       69       0.85122266358445E-15    22.7127454826317
       70       0.85720850040327E-15    22.7127454826317
       71       0.85970710154742E-15    22.7127454826317
       72       0.86202986277283E-15    22.7127454826317
       73       0.86420676281630E-15    22.7127454826317
       74       0.85944657059997E-15    22.7127454826317
       75       0.86033458077358E-15    22.7127454826317
 Benchmark completed 
 VERIFICATION SUCCESSFUL 
 Zeta is     0.2271274548263E+02
 Error is    0.3128387698896E-13


 CG Benchmark Completed.
 Class           =                        B
 Size            =                    75000
 Iterations      =                       75
 Time in seconds =                    11.48
 Total threads   =                       16
 Avail threads   =                       16
 Mop/s total     =                  4763.52
 Mop/s/thread    =                   297.72
 Operation type  =           floating point
 Verification    =               SUCCESSFUL
 Version         =                    3.3.1
 Compile date    =              23 Mar 2026

 Compile options:
    F77          = gfortran
    FLINK        = gfortran
    F_LIB        = (none)
    F_INC        = (none)
    FFLAGS       = -O3 -fopenmp -march=native -fallow-invalid-boz
    FLINKFLAGS   = -O3 -fopenmp -march=native
    RAND         = randi8


 Please send all errors/feedbacks to:

 NPB Development Team
 npb@nas.nasa.gov



 Performance counter stats for './bin/cg.B.x':

    90,135,275,692      L1-dcache-loads                                                       
    32,112,276,711      L1-dcache-load-misses            #   35.63% of all L1-dcache accesses 
    33,907,829,075      cache-references                                                      
    14,227,211,716      cache-misses                     #   41.96% of all cache refs         

      12.103734167 seconds time elapsed

     183.892440000 seconds user
       1.477270000 seconds sys


